\BOOKMARK [1][-]{section.1}{Introduction}{}% 1
\BOOKMARK [2][-]{subsection.1.1}{Contexte Global}{section.1}% 2
\BOOKMARK [2][-]{subsection.1.2}{Presentation de la demande}{section.1}% 3
\BOOKMARK [2][-]{subsection.1.3}{La Carte Udoo}{section.1}% 4
\BOOKMARK [2][-]{subsection.1.4}{Pure Data}{section.1}% 5
\BOOKMARK [3][-]{subsubsection.1.4.1}{Externals}{subsection.1.4}% 6
\BOOKMARK [2][-]{subsection.1.5}{Structure du projet}{section.1}% 7
\BOOKMARK [1][-]{section.2}{Traitement audio}{}% 8
\BOOKMARK [2][-]{subsection.2.1}{Aquisition audio}{section.2}% 9
\BOOKMARK [2][-]{subsection.2.2}{Traitement bas niveau}{section.2}% 10
\BOOKMARK [3][-]{subsubsection.2.2.1}{Filtrage}{subsection.2.2}% 11
\BOOKMARK [3][-]{subsubsection.2.2.2}{D\351tecteur de notes}{subsection.2.2}% 12
\BOOKMARK [3][-]{subsubsection.2.2.3}{Bandes de fr\351quences}{subsection.2.2}% 13
\BOOKMARK [2][-]{subsection.2.3}{Extraction des m\351ta-donn\351es}{section.2}% 14
\BOOKMARK [3][-]{subsubsection.2.3.1}{M\351lodie et rythme}{subsection.2.3}% 15
\BOOKMARK [3][-]{subsubsection.2.3.2}{Pattern minimal}{subsection.2.3}% 16
\BOOKMARK [1][-]{section.3}{R\351cup\351ration de l'environnement}{}% 17
\BOOKMARK [2][-]{subsection.3.1}{Dispositif et capteurs}{section.3}% 18
\BOOKMARK [2][-]{subsection.3.2}{Communication inter plate-forme}{section.3}% 19
\BOOKMARK [2][-]{subsection.3.3}{External pour la communication}{section.3}% 20
\BOOKMARK [1][-]{section.4}{Synth\350se musical}{}% 21
\BOOKMARK [2][-]{subsection.4.1}{Modele physique au longterme}{section.4}% 22
\BOOKMARK [2][-]{subsection.4.2}{Synth\350se impl\351ment\351}{section.4}% 23
\BOOKMARK [1][-]{section.5}{Interface Utilisateur}{}% 24
\BOOKMARK [2][-]{subsection.5.1}{Premiere id\351e d'implementation}{section.5}% 25
\BOOKMARK [2][-]{subsection.5.2}{Envoie des donn\351es capteur}{section.5}% 26
\BOOKMARK [2][-]{subsection.5.3}{Envoie d'objet Pure data}{section.5}% 27
\BOOKMARK [1][-]{section.6}{Tutoriel et Documentation}{}% 28
\BOOKMARK [2][-]{subsection.6.1}{\311criture documentation Pure data}{section.6}% 29
\BOOKMARK [2][-]{subsection.6.2}{\311criture du Tutoriel d'installation}{section.6}% 30
\BOOKMARK [1][-]{section.7}{Pour aller plus loin}{}% 31
\BOOKMARK [2][-]{subsection.7.1}{Tests en environnement reel}{section.7}% 32
\BOOKMARK [2][-]{subsection.7.2}{Tests \351nerg\351tiques}{section.7}% 33
\BOOKMARK [2][-]{subsection.7.3}{Serveur distant}{section.7}% 34
\BOOKMARK [1][-]{section.8}{Bibliographie}{}% 35
